#
# There is insufficient memory for the Java Runtime Environment to continue.
# Native memory allocation (malloc) failed to allocate 1048576 bytes for AllocateHeap
# Possible reasons:
#   The system is out of physical RAM or swap space
#   In 32 bit mode, the process size limit was hit
# Possible solutions:
#   Reduce memory load on the system
#   Increase physical memory or swap space
#   Check if swap backing store is full
#   Use 64 bit Java on a 64 bit OS
#   Decrease Java heap size (-Xmx/-Xms)
#   Decrease number of Java threads
#   Decrease Java thread stack sizes (-Xss)
#   Set larger code cache with -XX:ReservedCodeCacheSize=
# This output file may be truncated or incomplete.
#
#  Out of Memory Error (memory/allocation.inline.hpp:61), pid=10664, tid=0x0000000000003110
#
# JRE version:  (8.0_131-b11) (build )
# Java VM: Java HotSpot(TM) 64-Bit Server VM (25.131-b11 mixed mode windows-amd64 compressed oops)
# Failed to write core dump. Minidumps are not enabled by default on client versions of Windows
#

---------------  T H R E A D  ---------------

Current thread (0x000000000252e000):  JavaThread "Unknown thread" [_thread_in_vm, id=12560, stack(0x0000000002980000,0x0000000002a80000)]

Stack: [0x0000000002980000,0x0000000002a80000]
[error occurred during error reporting (printing stack bounds), id 0xc0000005]

Native frames: (J=compiled Java code, j=interpreted, Vv=VM code, C=native code)


---------------  P R O C E S S  ---------------

Java Threads: ( => current thread )

Other Threads:

=>0x000000000252e000 (exited) JavaThread "Unknown thread" [_thread_in_vm, id=12560, stack(0x0000000002980000,0x0000000002a80000)]

VM state:not at safepoint (normal execution)

VM Mutex/Monitor currently owned by a thread: None

Heap:
 PSYoungGen      total 56832K, used 983K [0x0000000780d00000, 0x0000000784c00000, 0x00000007c0000000)
  eden space 49152K, 2% used [0x0000000780d00000,0x0000000780df5c38,0x0000000783d00000)
  from space 7680K, 0% used [0x0000000784480000,0x0000000784480000,0x0000000784c00000)
  to   space 7680K, 0% used [0x0000000783d00000,0x0000000783d00000,0x0000000784480000)
 ParOldGen       total 130048K, used 0K [0x0000000702600000, 0x000000070a500000, 0x0000000780d00000)
  object space 130048K, 0% used [0x0000000702600000,0x0000000702600000,0x000000070a500000)
 Metaspace       used 752K, capacity 1092K, committed 1152K, reserved 1060864K
  class space    used 75K, capacity 384K, committed 384K, reserved 1048576K

Card table byte_map: [0x0000000011f40000,0x0000000012530000] byte_map_base: 0x000000000e72d000

Marking Bits: (ParMarkBitMap*) 0x000000005c6dc720
 Begin Bits: [0x0000000013130000, 0x0000000016098000)
 End Bits:   [0x0000000016098000, 0x0000000019000000)

Polling page: 0x0000000000ca0000

CodeCache: size=245760Kb used=328Kb max_used=328Kb free=245431Kb
 bounds [0x0000000002b80000, 0x0000000002df0000, 0x0000000011b80000]
 total_blobs=58 nmethods=0 adapters=38
 compilation: enabled

Compilation events (0 events):
No events

GC Heap History (0 events):
No events

Deoptimization events (0 events):
No events

Internal exceptions (0 events):
No events

Events (10 events):
Event: 0.027 loading class java/lang/Short
Event: 0.027 loading class java/lang/Short done
Event: 0.027 loading class java/lang/Integer
Event: 0.027 loading class java/lang/Integer done
Event: 0.027 loading class java/lang/Long
Event: 0.027 loading class java/lang/Long done
Event: 0.028 loading class java/lang/NullPointerException
Event: 0.028 loading class java/lang/NullPointerException done
Event: 0.028 loading class java/lang/ArithmeticException
Event: 0.028 loading class java/lang/ArithmeticException done


Dynamic libraries:
0x00007ff6f1c20000 - 0x00007ff6f1c57000 	C:\Program Files\Java\jre1.8.0_131\bin\javaw.exe
0x00007fffb67d0000 - 0x00007fffb69c8000 	C:\WINDOWS\SYSTEM32\ntdll.dll
0x00007fffb4e20000 - 0x00007fffb4edf000 	C:\WINDOWS\System32\KERNEL32.DLL
0x00007fffb3f60000 - 0x00007fffb4232000 	C:\WINDOWS\System32\KERNELBASE.dll
0x00007fffb6060000 - 0x00007fffb610e000 	C:\WINDOWS\System32\ADVAPI32.dll
0x00007fffb4af0000 - 0x00007fffb4b8e000 	C:\WINDOWS\System32\msvcrt.dll
0x00007fffb4c70000 - 0x00007fffb4d0c000 	C:\WINDOWS\System32\sechost.dll
0x00007fffb5ee0000 - 0x00007fffb6005000 	C:\WINDOWS\System32\RPCRT4.dll
0x00007fffb6580000 - 0x00007fffb6721000 	C:\WINDOWS\System32\USER32.dll
0x00007fffb3ec0000 - 0x00007fffb3ee2000 	C:\WINDOWS\System32\win32u.dll
0x00007fffb6010000 - 0x00007fffb603b000 	C:\WINDOWS\System32\GDI32.dll
0x00007fffb42f0000 - 0x00007fffb43ff000 	C:\WINDOWS\System32\gdi32full.dll
0x00007fffb4480000 - 0x00007fffb451d000 	C:\WINDOWS\System32\msvcp_win.dll
0x00007fffb4680000 - 0x00007fffb4780000 	C:\WINDOWS\System32\ucrtbase.dll
0x00007fff9b180000 - 0x00007fff9b41a000 	C:\WINDOWS\WinSxS\amd64_microsoft.windows.common-controls_6595b64144ccf1df_6.0.19041.1110_none_60b5254171f9507e\COMCTL32.dll
0x00007fffb5ea0000 - 0x00007fffb5ed2000 	C:\WINDOWS\System32\IMM32.DLL
0x000000005bd00000 - 0x000000005bdd2000 	C:\Program Files\Java\jre1.8.0_131\bin\msvcr100.dll
0x000000005bec0000 - 0x000000005c75c000 	C:\Program Files\Java\jre1.8.0_131\bin\server\jvm.dll
0x00007fffb4b90000 - 0x00007fffb4b98000 	C:\WINDOWS\System32\PSAPI.DLL
0x00007fffaa620000 - 0x00007fffaa629000 	C:\WINDOWS\SYSTEM32\WSOCK32.dll
0x00007fffa9250000 - 0x00007fffa925a000 	C:\WINDOWS\SYSTEM32\VERSION.dll
0x00007fff9c860000 - 0x00007fff9c887000 	C:\WINDOWS\SYSTEM32\WINMM.dll
0x00007fffb5dc0000 - 0x00007fffb5e2b000 	C:\WINDOWS\System32\WS2_32.dll
0x000000005beb0000 - 0x000000005bebf000 	C:\Program Files\Java\jre1.8.0_131\bin\verify.dll
0x000000005be80000 - 0x000000005bea9000 	C:\Program Files\Java\jre1.8.0_131\bin\java.dll
0x000000005be60000 - 0x000000005be76000 	C:\Program Files\Java\jre1.8.0_131\bin\zip.dll

VM Arguments:
jvm_args: -Dfile.encoding=GBK 
java_command: 第一讲._04费解的开关
java_class_path (initial): E:\eclipse_worksapce\蓝桥杯辅导课\bin
Launcher Type: SUN_STANDARD

Environment Variables:
JAVA_HOME=D:\develop\jdk17
CLASSPATH=C:\Program Files\Java\jdk1.8.0_131\bin
USERNAME=ZW
OS=Windows_NT
PROCESSOR_IDENTIFIER=Intel64 Family 6 Model 158 Stepping 10, GenuineIntel



---------------  S Y S T E M  ---------------

OS: Windows 10.0 , 64 bit Build 19041 (10.0.19041.2364)

CPU:total 8 (initial active 8) (4 cores per cpu, 2 threads per core) family 6 model 158 stepping 10, cmov, cx8, fxsr, mmx, sse, sse2, sse3, ssse3, sse4.1, sse4.2, popcnt, avx, avx2, aes, clmul, erms, 3dnowpref, lzcnt, ht, tsc, tscinvbit, bmi1, bmi2, adx

Memory: 4k page, physical 12420440k(2668996k free), swap 17510044k(6096k free)

vm_info: Java HotSpot(TM) 64-Bit Server VM (25.131-b11) for windows-amd64 JRE (1.8.0_131-b11), built on Mar 15 2017 01:23:53 by "java_re" with MS VC++ 10.0 (VS2010)

time: Tue Feb 07 00:20:19 2023
elapsed time: 0 seconds (0d 0h 0m 0s)

